2021-08-09 12:25:58,526 DEBUG o.s.w.s.m.m.a.RequestMappingHandlerMapping [main] 7 mappings in <unknown>
2021-08-09 12:25:58,703 DEBUG o.j.logging [main] Logging Provider: org.jboss.logging.Log4j2LoggerProvider
2021-08-09 12:25:58,704 INFO o.h.v.i.u.Version [main] HV000001: Hibernate Validator 6.1.0.Final
2021-08-09 12:25:58,710 DEBUG o.h.v.i.e.r.TraversableResolvers [main] Found javax.persistence.Persistence on classpath containing 'getPersistenceUtil'. Assuming JPA 2 environment. Trying to instantiate JPA aware TraversableResolver
2021-08-09 12:25:58,711 DEBUG o.h.v.i.e.r.TraversableResolvers [main] Instantiated JPA aware TraversableResolver of type org.hibernate.validator.internal.engine.resolver.JPATraversableResolver.
2021-08-09 12:25:58,747 DEBUG o.s.v.b.OptionalValidatorFactoryBean [main] Failed to set up a Bean Validation provider
javax.validation.ValidationException: HV000183: Unable to initialize 'javax.el.ExpressionFactory'. Check that you have the EL dependencies on the classpath, or use ParameterMessageInterpolator instead
	at org.hibernate.validator.messageinterpolation.ResourceBundleMessageInterpolator.buildExpressionFactory(ResourceBundleMessageInterpolator.java:152) ~[hibernate-validator-6.1.0.Final.jar:6.1.0.Final]
	at org.hibernate.validator.messageinterpolation.ResourceBundleMessageInterpolator.<init>(ResourceBundleMessageInterpolator.java:78) ~[hibernate-validator-6.1.0.Final.jar:6.1.0.Final]
	at org.hibernate.validator.internal.engine.AbstractConfigurationImpl.getDefaultMessageInterpolator(AbstractConfigurationImpl.java:521) ~[hibernate-validator-6.1.0.Final.jar:6.1.0.Final]
	at org.springframework.validation.beanvalidation.LocalValidatorFactoryBean.afterPropertiesSet(LocalValidatorFactoryBean.java:272) ~[spring-context-5.1.5.RELEASE.jar:5.1.5.RELEASE]
	at org.springframework.validation.beanvalidation.OptionalValidatorFactoryBean.afterPropertiesSet(OptionalValidatorFactoryBean.java:40) [spring-context-5.1.5.RELEASE.jar:5.1.5.RELEASE]
	at org.springframework.test.web.servlet.setup.StandaloneMockMvcBuilder$StandaloneConfiguration.mvcValidator(StandaloneMockMvcBuilder.java:493) [spring-test-5.1.5.RELEASE.jar:5.1.5.RELEASE]
	at org.springframework.web.servlet.config.annotation.WebMvcConfigurationSupport.getConfigurableWebBindingInitializer(WebMvcConfigurationSupport.java:603) [spring-webmvc-5.1.5.RELEASE.jar:5.1.5.RELEASE]
	at org.springframework.web.servlet.config.annotation.WebMvcConfigurationSupport.requestMappingHandlerAdapter(WebMvcConfigurationSupport.java:564) [spring-webmvc-5.1.5.RELEASE.jar:5.1.5.RELEASE]
	at org.springframework.test.web.servlet.setup.StandaloneMockMvcBuilder.registerMvcSingletons(StandaloneMockMvcBuilder.java:385) [spring-test-5.1.5.RELEASE.jar:5.1.5.RELEASE]
	at org.springframework.test.web.servlet.setup.StandaloneMockMvcBuilder.initWebAppContext(StandaloneMockMvcBuilder.java:364) [spring-test-5.1.5.RELEASE.jar:5.1.5.RELEASE]
	at org.springframework.test.web.servlet.setup.AbstractMockMvcBuilder.build(AbstractMockMvcBuilder.java:132) [spring-test-5.1.5.RELEASE.jar:5.1.5.RELEASE]
	at com.senlainc.mock.user.UserControllerTest.setup(UserControllerTest.java:51) [test-classes/:?]
	at sun.reflect.NativeMethodAccessorImpl.invoke0(Native Method) ~[?:1.8.0_292]
	at sun.reflect.NativeMethodAccessorImpl.invoke(NativeMethodAccessorImpl.java:62) ~[?:1.8.0_292]
	at sun.reflect.DelegatingMethodAccessorImpl.invoke(DelegatingMethodAccessorImpl.java:43) ~[?:1.8.0_292]
	at java.lang.reflect.Method.invoke(Method.java:498) ~[?:1.8.0_292]
	at org.junit.runners.model.FrameworkMethod$1.runReflectiveCall(FrameworkMethod.java:50) [junit-4.12.jar:4.12]
	at org.junit.internal.runners.model.ReflectiveCallable.run(ReflectiveCallable.java:12) [junit-4.12.jar:4.12]
	at org.junit.runners.model.FrameworkMethod.invokeExplosively(FrameworkMethod.java:47) [junit-4.12.jar:4.12]
	at org.junit.internal.runners.statements.RunBefores.evaluate(RunBefores.java:24) [junit-4.12.jar:4.12]
	at org.junit.runners.ParentRunner.runLeaf(ParentRunner.java:325) [junit-4.12.jar:4.12]
	at org.junit.runners.BlockJUnit4ClassRunner.runChild(BlockJUnit4ClassRunner.java:78) [junit-4.12.jar:4.12]
	at org.junit.runners.BlockJUnit4ClassRunner.runChild(BlockJUnit4ClassRunner.java:57) [junit-4.12.jar:4.12]
	at org.junit.runners.ParentRunner$3.run(ParentRunner.java:290) [junit-4.12.jar:4.12]
	at org.junit.runners.ParentRunner$1.schedule(ParentRunner.java:71) [junit-4.12.jar:4.12]
	at org.junit.runners.ParentRunner.runChildren(ParentRunner.java:288) [junit-4.12.jar:4.12]
	at org.junit.runners.ParentRunner.access$000(ParentRunner.java:58) [junit-4.12.jar:4.12]
	at org.junit.runners.ParentRunner$2.evaluate(ParentRunner.java:268) [junit-4.12.jar:4.12]
	at org.junit.runners.ParentRunner.run(ParentRunner.java:363) [junit-4.12.jar:4.12]
	at org.mockito.internal.runners.JUnit45AndHigherRunnerImpl.run(JUnit45AndHigherRunnerImpl.java:37) [mockito-core-1.10.8.jar:?]
	at org.mockito.runners.MockitoJUnitRunner.run(MockitoJUnitRunner.java:62) [mockito-core-1.10.8.jar:?]
	at org.junit.runner.JUnitCore.run(JUnitCore.java:137) [junit-4.12.jar:4.12]
	at com.intellij.junit4.JUnit4IdeaTestRunner.startRunnerWithArgs(JUnit4IdeaTestRunner.java:69) [junit-rt.jar:?]
	at com.intellij.rt.junit.IdeaTestRunner$Repeater.startRunnerWithArgs(IdeaTestRunner.java:33) [junit-rt.jar:?]
	at com.intellij.rt.junit.JUnitStarter.prepareStreamsAndStart(JUnitStarter.java:221) [junit-rt.jar:?]
	at com.intellij.rt.junit.JUnitStarter.main(JUnitStarter.java:54) [junit-rt.jar:?]
Caused by: java.lang.NoClassDefFoundError: javax/el/ELManager
	at org.hibernate.validator.messageinterpolation.ResourceBundleMessageInterpolator.buildExpressionFactory(ResourceBundleMessageInterpolator.java:144) ~[hibernate-validator-6.1.0.Final.jar:6.1.0.Final]
	... 35 more
Caused by: java.lang.ClassNotFoundException: javax.el.ELManager
	at java.net.URLClassLoader.findClass(URLClassLoader.java:382) ~[?:1.8.0_292]
	at java.lang.ClassLoader.loadClass(ClassLoader.java:418) ~[?:1.8.0_292]
	at sun.misc.Launcher$AppClassLoader.loadClass(Launcher.java:352) ~[?:1.8.0_292]
	at java.lang.ClassLoader.loadClass(ClassLoader.java:351) ~[?:1.8.0_292]
	at org.hibernate.validator.messageinterpolation.ResourceBundleMessageInterpolator.buildExpressionFactory(ResourceBundleMessageInterpolator.java:144) ~[hibernate-validator-6.1.0.Final.jar:6.1.0.Final]
	... 35 more
2021-08-09 12:25:58,757 DEBUG o.s.w.s.m.m.a.RequestMappingHandlerAdapter [main] ControllerAdvice beans: 0 @ModelAttribute, 0 @InitBinder, 1 RequestBodyAdvice, 1 ResponseBodyAdvice
2021-08-09 12:25:58,794 DEBUG o.s.w.s.m.m.a.ExceptionHandlerExceptionResolver [main] ControllerAdvice beans: 0 @ExceptionHandler, 1 ResponseBodyAdvice
2021-08-09 12:25:58,815 INFO o.s.m.w.MockServletContext [main] Initializing Spring TestDispatcherServlet ''
2021-08-09 12:25:58,816 INFO o.s.t.w.s.TestDispatcherServlet [main] Initializing Servlet ''
2021-08-09 12:25:58,817 DEBUG o.s.t.w.s.TestDispatcherServlet [main] Detected AcceptHeaderLocaleResolver
2021-08-09 12:25:58,817 DEBUG o.s.t.w.s.TestDispatcherServlet [main] Detected FixedThemeResolver
2021-08-09 12:25:58,818 DEBUG o.s.t.w.s.TestDispatcherServlet [main] Detected org.springframework.web.servlet.view.DefaultRequestToViewNameTranslator@7642df8f
2021-08-09 12:25:58,818 DEBUG o.s.t.w.s.TestDispatcherServlet [main] Detected org.springframework.web.servlet.support.SessionFlashMapManager@3e30646a
2021-08-09 12:25:58,818 DEBUG o.s.t.w.s.TestDispatcherServlet [main] enableLoggingRequestDetails='false': request parameters and headers will be masked to prevent unsafe logging of potentially sensitive data
2021-08-09 12:25:58,818 INFO o.s.t.w.s.TestDispatcherServlet [main] Completed initialization in 2 ms
